#
# There is insufficient memory for the Java Runtime Environment to continue.
# Native memory allocation (malloc) failed to allocate 1056416 bytes for Chunk::new
# Possible reasons:
#   The system is out of physical RAM or swap space
#   The process is running with CompressedOops enabled, and the Java Heap may be blocking the growth of the native heap
# Possible solutions:
#   Reduce memory load on the system
#   Increase physical memory or swap space
#   Check if swap backing store is full
#   Decrease Java heap size (-Xmx/-Xms)
#   Decrease number of Java threads
#   Decrease Java thread stack sizes (-Xss)
#   Set larger code cache with -XX:ReservedCodeCacheSize=
#   JVM is running with Unscaled Compressed Oops mode in which the Java heap is
#     placed in the first 4GB address space. The Java Heap base address is the
#     maximum limit for the native heap growth. Please use -XX:HeapBaseMinAddress
#     to set the Java Heap base and to place the Java Heap above 4GB virtual address.
# This output file may be truncated or incomplete.
#
#  Out of Memory Error (allocation.cpp:389), pid=10168, tid=0x0000000000005704
#
# JRE version: OpenJDK Runtime Environment (8.0_202-b03) (build 1.8.0_202-release-1483-b03)
# Java VM: OpenJDK 64-Bit Server VM (25.202-b03 mixed mode windows-amd64 compressed oops)
# Failed to write core dump. Minidumps are not enabled by default on client versions of Windows
#

---------------  T H R E A D  ---------------

Current thread (0x0000000018f8e800):  JavaThread "C2 CompilerThread0" daemon [_thread_in_native, id=22276, stack(0x0000000019860000,0x0000000019960000)]

Stack: [0x0000000019860000,0x0000000019960000]
[error occurred during error reporting (printing stack bounds), id 0xc0000005]

Native frames: (J=compiled Java code, j=interpreted, Vv=VM code, C=native code)


Current CompileTask:
C2: 877008 15470       4       com.android.tools.r8.dex.VirtualFile$g::b (17 bytes)


---------------  P R O C E S S  ---------------

Java Threads: ( => current thread )
  0x000000001ee2c000 JavaThread "WorkerExecutor Queue Thread 9" [_thread_blocked, id=18628, stack(0x000000002dcf0000,0x000000002ddf0000)]
  0x0000000018fa0000 JavaThread "WorkerExecutor Queue Thread 8" [_thread_blocked, id=11360, stack(0x000000002dbf0000,0x000000002dcf0000)]
  0x000000001f834800 JavaThread "WorkerExecutor Queue Thread 7" [_thread_in_native, id=24272, stack(0x000000002daf0000,0x000000002dbf0000)]
  0x000000001ebbd800 JavaThread "WorkerExecutor Queue Thread 6" [_thread_blocked, id=23004, stack(0x000000002d9f0000,0x000000002daf0000)]
  0x000000001ebbb000 JavaThread "WorkerExecutor Queue Thread 5" [_thread_in_vm, id=5040, stack(0x000000002d8f0000,0x000000002d9f0000)]
  0x000000001d722800 JavaThread "WorkerExecutor Queue Thread 4" [_thread_blocked, id=11724, stack(0x000000002d7f0000,0x000000002d8f0000)]
  0x000000001d721000 JavaThread "Cache worker for Java compile cache (C:\Users\lwyri\StudioProjects\2020_Feb_Steelhacks\.gradle\5.4.1\javaCompile)" [_thread_blocked, id=14576, stack(0x000000002d6f0000,0x000000002d7f0000)]
  0x000000001d71f800 JavaThread "Cache worker for Java compile cache (C:\Users\lwyri\.gradle\caches\5.4.1\javaCompile)" [_thread_blocked, id=16684, stack(0x000000002d5f0000,0x000000002d6f0000)]
  0x000000001d719000 JavaThread "WorkerExecutor Queue Thread 3" [_thread_in_Java, id=6024, stack(0x000000002d4f0000,0x000000002d5f0000)]
  0x000000001d717800 JavaThread "RMI TCP Connection(1)-127.0.0.1" daemon [_thread_in_native, id=12672, stack(0x000000002d3f0000,0x000000002d4f0000)]
  0x000000001d71e000 JavaThread "RMI Reaper" [_thread_blocked, id=11396, stack(0x000000002d2f0000,0x000000002d3f0000)]
  0x000000001d71d800 JavaThread "RMI TCP Accept-0" daemon [_thread_in_native, id=18056, stack(0x000000002d1f0000,0x000000002d2f0000)]
  0x000000001d716000 JavaThread "GC Daemon" daemon [_thread_blocked, id=2196, stack(0x000000002d0f0000,0x000000002d1f0000)]
  0x000000001d718000 JavaThread "RMI RenewClean-[127.0.0.1:17335,org.jetbrains.kotlin.daemon.common.LoopbackNetworkInterface$ClientLoopbackSocketFactory@2e993dcd]" daemon [_thread_blocked, id=14272, stack(0x000000002cff0000,0x000000002d0f0000)]
  0x000000001d71c800 JavaThread "RMI Scheduler(0)" daemon [_thread_blocked, id=6964, stack(0x000000002cef0000,0x000000002cff0000)]
  0x000000001d71a800 JavaThread "stdout" [_thread_in_native, id=10200, stack(0x000000002cdf0000,0x000000002cef0000)]
  0x000000001d719800 JavaThread "stderr" [_thread_in_native, id=16968, stack(0x000000002ccf0000,0x000000002cdf0000)]
  0x000000001d715000 JavaThread "pool-5-thread-1" [_thread_blocked, id=26832, stack(0x000000002cbf0000,0x000000002ccf0000)]
  0x000000001d716800 JavaThread "WorkerExecutor Queue Thread 2" [_thread_blocked, id=10152, stack(0x000000002caf0000,0x000000002cbf0000)]
  0x000000001f835800 JavaThread "WorkerExecutor Queue" [_thread_blocked, id=25952, stack(0x000000002c9f0000,0x000000002caf0000)]
  0x000000001f833000 JavaThread "Cache worker for execution history cache (C:\Users\lwyri\StudioProjects\2020_Feb_Steelhacks\.gradle\5.4.1\executionHistory)" [_thread_blocked, id=10272, stack(0x000000002c8f0000,0x000000002c9f0000)]
  0x000000001f83a000 JavaThread "Execution worker for ':' Thread 7" [_thread_blocked, id=17176, stack(0x000000002c7f0000,0x000000002c8f0000)]
  0x000000001f832800 JavaThread "Execution worker for ':' Thread 6" [_thread_blocked, id=3012, stack(0x000000002c6f0000,0x000000002c7f0000)]
  0x000000001f838800 JavaThread "Execution worker for ':' Thread 5" [_thread_blocked, id=20308, stack(0x000000002c5f0000,0x000000002c6f0000)]
  0x000000001f839000 JavaThread "Execution worker for ':' Thread 4" [_thread_blocked, id=6364, stack(0x000000002c4f0000,0x000000002c5f0000)]
  0x000000001f837800 JavaThread "Execution worker for ':' Thread 3" [_thread_blocked, id=16640, stack(0x000000002c3f0000,0x000000002c4f0000)]
  0x000000001f837000 JavaThread "Execution worker for ':' Thread 2" [_thread_blocked, id=19516, stack(0x000000002c2f0000,0x000000002c3f0000)]
  0x000000001f836000 JavaThread "Execution worker for ':'" [_thread_blocked, id=16392, stack(0x000000002c1f0000,0x000000002c2f0000)]
  0x000000001f82a800 JavaThread "Cache worker for file content cache (C:\Users\lwyri\StudioProjects\2020_Feb_Steelhacks\.gradle\5.4.1\fileContent)" [_thread_blocked, id=1072, stack(0x000000002c0f0000,0x000000002c1f0000)]
  0x000000001f830000 JavaThread "Cache worker for Build Output Cleanup Cache (C:\Users\lwyri\StudioProjects\2020_Feb_Steelhacks\.gradle\buildOutputCleanup)" [_thread_blocked, id=27852, stack(0x000000002bff0000,0x000000002c0f0000)]
  0x000000001f82d800 JavaThread "Build operations Thread 8" [_thread_blocked, id=26212, stack(0x000000002bef0000,0x000000002bff0000)]
  0x000000001f82d000 JavaThread "Build operations Thread 7" [_thread_blocked, id=7932, stack(0x000000002bdf0000,0x000000002bef0000)]
  0x000000001ebc8000 JavaThread "Build operations Thread 6" [_thread_blocked, id=28108, stack(0x000000002bcf0000,0x000000002bdf0000)]
  0x000000001ebc0800 JavaThread "Build operations Thread 5" [_thread_blocked, id=22628, stack(0x000000002bbf0000,0x000000002bcf0000)]
  0x000000001ebc5000 JavaThread "Build operations Thread 4" [_thread_blocked, id=26144, stack(0x000000002baf0000,0x000000002bbf0000)]
  0x000000001ebc6800 JavaThread "Build operations Thread 3" [_thread_blocked, id=13612, stack(0x000000002b9f0000,0x000000002baf0000)]
  0x000000001ebc4000 JavaThread "Build operations Thread 2" [_thread_blocked, id=15488, stack(0x000000002b8f0000,0x000000002b9f0000)]
  0x000000001ebc3800 JavaThread "Build operations" [_thread_blocked, id=1120, stack(0x000000002b7f0000,0x000000002b8f0000)]
  0x000000001ebc7000 JavaThread "Cache worker for cache directory md-rule (C:\Users\lwyri\.gradle\caches\5.4.1\md-rule)" [_thread_blocked, id=19732, stack(0x000000002b6f0000,0x000000002b7f0000)]
  0x000000001ebc1000 JavaThread "Cache worker for cache directory md-supplier (C:\Users\lwyri\.gradle\caches\5.4.1\md-supplier)" [_thread_blocked, id=27560, stack(0x000000002b5f0000,0x000000002b6f0000)]
  0x000000001ebc5800 JavaThread "Cache worker for file hash cache (C:\Users\lwyri\StudioProjects\2020_Feb_Steelhacks\.gradle\5.4.1\fileHashes)" [_thread_blocked, id=23108, stack(0x000000002b4f0000,0x000000002b5f0000)]
  0x000000001ebb8800 JavaThread "Thread-71" [_thread_blocked, id=10052, stack(0x000000002b3f0000,0x000000002b4f0000)]
  0x000000001ebbf000 JavaThread "Stdin handler" [_thread_blocked, id=27296, stack(0x000000002b2f0000,0x000000002b3f0000)]
  0x000000001ebb9800 JavaThread "Asynchronous log dispatcher for DefaultDaemonConnection: socket connection from /127.0.0.1:63633 to /127.0.0.1:62613" [_thread_blocked, id=13024, stack(0x000000002b1f0000,0x000000002b2f0000)]
  0x000000001ebbc800 JavaThread "Daemon worker Thread 3" [_thread_blocked, id=26956, stack(0x000000002b0f0000,0x000000002b1f0000)]
  0x000000001ebbc000 JavaThread "Cancel handler" [_thread_blocked, id=9488, stack(0x000000002aff0000,0x000000002b0f0000)]
  0x000000001ebba000 JavaThread "Handler for socket connection from /127.0.0.1:63633 to /127.0.0.1:62613" [_thread_in_native, id=16568, stack(0x000000002aef0000,0x000000002aff0000)]
  0x000000001ebbe000 JavaThread "Daemon Thread 3" [_thread_blocked, id=14316, stack(0x000000002adf0000,0x000000002aef0000)]
  0x000000001d723800 JavaThread "Cache worker for file content cache (C:\Users\lwyri\.gradle\caches\5.4.1\fileContent)" [_thread_blocked, id=18964, stack(0x0000000026170000,0x0000000026270000)]
  0x000000001d720800 JavaThread "Memory manager" [_thread_blocked, id=28020, stack(0x0000000026070000,0x0000000026170000)]
  0x000000001d71c000 JavaThread "Cache worker for execution history cache (C:\Users\lwyri\.gradle\caches\5.4.1\executionHistory)" [_thread_blocked, id=26996, stack(0x0000000021fc0000,0x00000000220c0000)]
  0x0000000018fa4000 JavaThread "Cache worker for journal cache (C:\Users\lwyri\.gradle\caches\journal-1)" [_thread_blocked, id=24748, stack(0x000000001cbb0000,0x000000001ccb0000)]
  0x0000000018fa1800 JavaThread "File lock request listener" [_thread_in_native, id=2204, stack(0x000000001cab0000,0x000000001cbb0000)]
  0x000000001ace0000 JavaThread "Cache worker for file hash cache (C:\Users\lwyri\.gradle\caches\5.4.1\fileHashes)" [_thread_blocked, id=3884, stack(0x000000001c9b0000,0x000000001cab0000)]
  0x0000000019296800 JavaThread "Daemon periodic checks" [_thread_blocked, id=8504, stack(0x000000001beb0000,0x000000001bfb0000)]
  0x000000001a0ac800 JavaThread "Incoming local TCP Connector on port 63633" [_thread_in_native, id=12588, stack(0x000000001bc70000,0x000000001bd70000)]
  0x000000001b129800 JavaThread "Daemon health stats" [_thread_blocked, id=22216, stack(0x000000001b630000,0x000000001b730000)]
  0x000000001902c800 JavaThread "Service Thread" daemon [_thread_blocked, id=24444, stack(0x0000000019c60000,0x0000000019d60000)]
  0x0000000018fa3000 JavaThread "C1 CompilerThread3" daemon [_thread_in_vm, id=3596, stack(0x0000000019b60000,0x0000000019c60000)]
  0x0000000018f98800 JavaThread "C2 CompilerThread2" daemon [_thread_in_native, id=25352, stack(0x0000000019a60000,0x0000000019b60000)]
  0x0000000018f91800 JavaThread "C2 CompilerThread1" daemon [_thread_in_native, id=22112, stack(0x0000000019960000,0x0000000019a60000)]
=>0x0000000018f8e800 JavaThread "C2 CompilerThread0" daemon [_thread_in_native, id=22276, stack(0x0000000019860000,0x0000000019960000)]
  0x0000000018f8d000 JavaThread "Attach Listener" daemon [_thread_blocked, id=19204, stack(0x0000000019760000,0x0000000019860000)]
  0x0000000018f8a800 JavaThread "Signal Dispatcher" daemon [_thread_blocked, id=21352, stack(0x0000000019660000,0x0000000019760000)]
  0x0000000018f80800 JavaThread "Finalizer" daemon [_thread_blocked, id=3360, stack(0x0000000019460000,0x0000000019560000)]
  0x000000001719c800 JavaThread "Reference Handler" daemon [_thread_blocked, id=12832, stack(0x0000000019360000,0x0000000019460000)]
  0x00000000030ee800 JavaThread "main" [_thread_blocked, id=28164, stack(0x00000000031e0000,0x00000000032e0000)]

Other Threads:
  0x0000000017196000 VMThread [stack: 0x0000000018e60000,0x0000000018f60000] [id=5156]
  0x000000001902d000 WatcherThread [stack: 0x0000000019d60000,0x0000000019e60000] [id=13148]

VM state:not at safepoint (normal execution)

VM Mutex/Monitor currently owned by a thread:  ([mutex/lock_event])
[0x00000000030ed390] SystemDictionary_lock - owner thread: 0x0000000000000000

heap address: 0x00000000a0000000, size: 1536 MB, Compressed Oops mode: 32-bit
Narrow klass base: 0x0000000000000000, Narrow klass shift: 3
Compressed class space size: 1073741824 Address: 0x0000000100000000

Heap:
 PSYoungGen      total 249344K, used 208994K [0x00000000e0000000, 0x00000000f1d80000, 0x0000000100000000)
  eden space 221696K, 89% used [0x00000000e0000000,0x00000000ec277dd0,0x00000000ed880000)
  from space 27648K, 35% used [0x00000000f0280000,0x00000000f0c20c98,0x00000000f1d80000)
  to   space 35328K, 0% used [0x00000000ed880000,0x00000000ed880000,0x00000000efb00000)
 ParOldGen       total 131072K, used 83709K [0x00000000a0000000, 0x00000000a8000000, 0x00000000e0000000)
  object space 131072K, 63% used [0x00000000a0000000,0x00000000a51bf620,0x00000000a8000000)
 Metaspace       used 89535K, capacity 93718K, committed 93784K, reserved 1130496K
  class space    used 11876K, capacity 12614K, committed 12672K, reserved 1048576K

Card table byte_map: [0x00000000127a0000,0x0000000012ab0000] byte_map_base: 0x00000000122a0000

Marking Bits: (ParMarkBitMap*) 0x0000000077ed9f30
 Begin Bits: [0x00000000134b0000, 0x0000000014cb0000)
 End Bits:   [0x0000000014cb0000, 0x00000000164b0000)

Polling page: 0x0000000000ff0000

CodeCache: size=245760Kb used=42783Kb max_used=42783Kb free=202976Kb
 bounds [0x00000000033e0000, 0x0000000005de0000, 0x00000000123e0000]
 total_blobs=13892 nmethods=13007 adapters=795
 compilation: enabled

Compilation events (10 events):
Event: 876.980 Thread 0x0000000018fa3000 15569       1       com.android.tools.r8.ir.code.ArrayPut::isArrayPut (2 bytes)
Event: 876.980 Thread 0x0000000018fa3000 nmethod 15569 0x0000000005dcd350 code [0x0000000005dcd4a0, 0x0000000005dcd5b0]
Event: 876.980 Thread 0x0000000018fa3000 15574       2       com.android.tools.r8.ir.code.ArrayPut::asArrayPut (2 bytes)
Event: 876.980 Thread 0x0000000018fa3000 nmethod 15574 0x0000000005dcd610 code [0x0000000005dcd760, 0x0000000005dcd8b0]
Event: 876.980 Thread 0x0000000018fa3000 15575       2       com.android.tools.r8.ir.code.ConstNumber::getRawValue (5 bytes)
Event: 876.980 Thread 0x0000000018fa3000 nmethod 15575 0x0000000005dcd950 code [0x0000000005dcdaa0, 0x0000000005dcdbf0]
Event: 876.982 Thread 0x0000000018fa3000 15576       2       com.android.tools.r8.ir.code.Value::U (8 bytes)
Event: 876.982 Thread 0x0000000018fa3000 nmethod 15576 0x0000000005dcdc90 code [0x0000000005dcde00, 0x0000000005dcdf68]
Event: 876.982 Thread 0x0000000018fa3000 15577       2       com.android.tools.r8.ir.analysis.type.TypeLatticeElement::q (44 bytes)
Event: 876.982 Thread 0x0000000018fa3000 nmethod 15577 0x0000000005dce050 code [0x0000000005dce1c0, 0x0000000005dce348]

GC Heap History (10 events):
Event: 10.617 GC heap before
{Heap before GC invocations=15 (full 3):
 PSYoungGen      total 196608K, used 1618K [0x00000000e0000000, 0x00000000edf00000, 0x0000000100000000)
  eden space 178176K, 0% used [0x00000000e0000000,0x00000000e0000000,0x00000000eae00000)
  from space 18432K, 8% used [0x00000000ec080000,0x00000000ec214928,0x00000000ed280000)
  to   space 18944K, 0% used [0x00000000eae00000,0x00000000eae00000,0x00000000ec080000)
 ParOldGen       total 88064K, used 34414K [0x00000000a0000000, 0x00000000a5600000, 0x00000000e0000000)
  object space 88064K, 39% used [0x00000000a0000000,0x00000000a219ba20,0x00000000a5600000)
 Metaspace       used 57484K, capacity 59090K, committed 59096K, reserved 1099776K
  class space    used 7776K, capacity 8192K, committed 8192K, reserved 1048576K
Event: 10.877 GC heap after
Heap after GC invocations=15 (full 3):
 PSYoungGen      total 196608K, used 0K [0x00000000e0000000, 0x00000000edf00000, 0x0000000100000000)
  eden space 178176K, 0% used [0x00000000e0000000,0x00000000e0000000,0x00000000eae00000)
  from space 18432K, 0% used [0x00000000ec080000,0x00000000ec080000,0x00000000ed280000)
  to   space 18944K, 0% used [0x00000000eae00000,0x00000000eae00000,0x00000000ec080000)
 ParOldGen       total 131072K, used 28742K [0x00000000a0000000, 0x00000000a8000000, 0x00000000e0000000)
  object space 131072K, 21% used [0x00000000a0000000,0x00000000a1c11938,0x00000000a8000000)
 Metaspace       used 57484K, capacity 59090K, committed 59096K, reserved 1099776K
  class space    used 7776K, capacity 8192K, committed 8192K, reserved 1048576K
}
Event: 13.447 GC heap before
{Heap before GC invocations=16 (full 3):
 PSYoungGen      total 196608K, used 178176K [0x00000000e0000000, 0x00000000edf00000, 0x0000000100000000)
  eden space 178176K, 100% used [0x00000000e0000000,0x00000000eae00000,0x00000000eae00000)
  from space 18432K, 0% used [0x00000000ec080000,0x00000000ec080000,0x00000000ed280000)
  to   space 18944K, 0% used [0x00000000eae00000,0x00000000eae00000,0x00000000ec080000)
 ParOldGen       total 131072K, used 28742K [0x00000000a0000000, 0x00000000a8000000, 0x00000000e0000000)
  object space 131072K, 21% used [0x00000000a0000000,0x00000000a1c11938,0x00000000a8000000)
 Metaspace       used 63291K, capacity 65570K, committed 65624K, reserved 1105920K
  class space    used 8589K, capacity 9072K, committed 9088K, reserved 1048576K
Event: 13.469 GC heap after
Heap after GC invocations=16 (full 3):
 PSYoungGen      total 197120K, used 16241K [0x00000000e0000000, 0x00000000ef900000, 0x0000000100000000)
  eden space 178176K, 0% used [0x00000000e0000000,0x00000000e0000000,0x00000000eae00000)
  from space 18944K, 85% used [0x00000000eae00000,0x00000000ebddc620,0x00000000ec080000)
  to   space 20992K, 0% used [0x00000000ee480000,0x00000000ee480000,0x00000000ef900000)
 ParOldGen       total 131072K, used 28750K [0x00000000a0000000, 0x00000000a8000000, 0x00000000e0000000)
  object space 131072K, 21% used [0x00000000a0000000,0x00000000a1c13938,0x00000000a8000000)
 Metaspace       used 63291K, capacity 65570K, committed 65624K, reserved 1105920K
  class space    used 8589K, capacity 9072K, committed 9088K, reserved 1048576K
}
Event: 19.034 GC heap before
{Heap before GC invocations=17 (full 3):
 PSYoungGen      total 197120K, used 194417K [0x00000000e0000000, 0x00000000ef900000, 0x0000000100000000)
  eden space 178176K, 100% used [0x00000000e0000000,0x00000000eae00000,0x00000000eae00000)
  from space 18944K, 85% used [0x00000000eae00000,0x00000000ebddc620,0x00000000ec080000)
  to   space 20992K, 0% used [0x00000000ee480000,0x00000000ee480000,0x00000000ef900000)
 ParOldGen       total 131072K, used 28750K [0x00000000a0000000, 0x00000000a8000000, 0x00000000e0000000)
  object space 131072K, 21% used [0x00000000a0000000,0x00000000a1c13938,0x00000000a8000000)
 Metaspace       used 68722K, capacity 71412K, committed 71640K, reserved 1112064K
  class space    used 9421K, capacity 9981K, committed 9984K, reserved 1048576K
Event: 19.132 GC heap after
Heap after GC invocations=17 (full 3):
 PSYoungGen      total 216064K, used 20975K [0x00000000e0000000, 0x00000000f1d00000, 0x0000000100000000)
  eden space 195072K, 0% used [0x00000000e0000000,0x00000000e0000000,0x00000000ebe80000)
  from space 20992K, 99% used [0x00000000ee480000,0x00000000ef8fbe90,0x00000000ef900000)
  to   space 38912K, 0% used [0x00000000ebe80000,0x00000000ebe80000,0x00000000ee480000)
 ParOldGen       total 131072K, used 68320K [0x00000000a0000000, 0x00000000a8000000, 0x00000000e0000000)
  object space 131072K, 52% used [0x00000000a0000000,0x00000000a42b83c8,0x00000000a8000000)
 Metaspace       used 68722K, capacity 71412K, committed 71640K, reserved 1112064K
  class space    used 9421K, capacity 9981K, committed 9984K, reserved 1048576K
}
Event: 103.206 GC heap before
{Heap before GC invocations=18 (full 3):
 PSYoungGen      total 216064K, used 216047K [0x00000000e0000000, 0x00000000f1d00000, 0x0000000100000000)
  eden space 195072K, 100% used [0x00000000e0000000,0x00000000ebe80000,0x00000000ebe80000)
  from space 20992K, 99% used [0x00000000ee480000,0x00000000ef8fbe90,0x00000000ef900000)
  to   space 38912K, 0% used [0x00000000ebe80000,0x00000000ebe80000,0x00000000ee480000)
 ParOldGen       total 131072K, used 68320K [0x00000000a0000000, 0x00000000a8000000, 0x00000000e0000000)
  object space 131072K, 52% used [0x00000000a0000000,0x00000000a42b83c8,0x00000000a8000000)
 Metaspace       used 76411K, capacity 79768K, committed 79832K, reserved 1118208K
  class space    used 10318K, capacity 10979K, committed 11008K, reserved 1048576K
Event: 103.361 GC heap after
Heap after GC invocations=18 (full 3):
 PSYoungGen      total 233984K, used 10875K [0x00000000e0000000, 0x00000000f2680000, 0x0000000100000000)
  eden space 195072K, 0% used [0x00000000e0000000,0x00000000e0000000,0x00000000ebe80000)
  from space 38912K, 27% used [0x00000000ebe80000,0x00000000ec91ef28,0x00000000ee480000)
  to   space 36864K, 0% used [0x00000000f0280000,0x00000000f0280000,0x00000000f2680000)
 ParOldGen       total 131072K, used 83701K [0x00000000a0000000, 0x00000000a8000000, 0x00000000e0000000)
  object space 131072K, 63% used [0x00000000a0000000,0x00000000a51bd620,0x00000000a8000000)
 Metaspace       used 76411K, capacity 79768K, committed 79832K, reserved 1118208K
  class space    used 10318K, capacity 10979K, committed 11008K, reserved 1048576K
}
Event: 857.923 GC heap before
{Heap before GC invocations=19 (full 3):
 PSYoungGen      total 233984K, used 205779K [0x00000000e0000000, 0x00000000f2680000, 0x0000000100000000)
  eden space 195072K, 99% used [0x00000000e0000000,0x00000000ebe55cf8,0x00000000ebe80000)
  from space 38912K, 27% used [0x00000000ebe80000,0x00000000ec91ef28,0x00000000ee480000)
  to   space 36864K, 0% used [0x00000000f0280000,0x00000000f0280000,0x00000000f2680000)
 ParOldGen       total 131072K, used 83701K [0x00000000a0000000, 0x00000000a8000000, 0x00000000e0000000)
  object space 131072K, 63% used [0x00000000a0000000,0x00000000a51bd620,0x00000000a8000000)
 Metaspace       used 78335K, capacity 81736K, committed 82008K, reserved 1120256K
  class space    used 10451K, capacity 11111K, committed 11136K, reserved 1048576K
Event: 858.006 GC heap after
Heap after GC invocations=19 (full 3):
 PSYoungGen      total 249344K, used 9859K [0x00000000e0000000, 0x00000000f1d80000, 0x0000000100000000)
  eden space 221696K, 0% used [0x00000000e0000000,0x00000000e0000000,0x00000000ed880000)
  from space 27648K, 35% used [0x00000000f0280000,0x00000000f0c20c98,0x00000000f1d80000)
  to   space 35328K, 0% used [0x00000000ed880000,0x00000000ed880000,0x00000000efb00000)
 ParOldGen       total 131072K, used 83709K [0x00000000a0000000, 0x00000000a8000000, 0x00000000e0000000)
  object space 131072K, 63% used [0x00000000a0000000,0x00000000a51bf620,0x00000000a8000000)
 Metaspace       used 78335K, capacity 81736K, committed 82008K, reserved 1120256K
  class space    used 10451K, capacity 11111K, committed 11136K, reserved 1048576K
}

Deoptimization events (10 events):
Event: 876.862 Thread 0x000000001f834800 Uncommon trap: reason=class_check action=maybe_recompile pc=0x0000000004d4c488 method=java.util.stream.Sink$ChainedReference.<init>(Ljava/util/stream/Sink;)V @ 9
Event: 876.862 Thread 0x000000001d722800 Uncommon trap: reason=class_check action=maybe_recompile pc=0x0000000004d4c488 method=java.util.stream.Sink$ChainedReference.<init>(Ljava/util/stream/Sink;)V @ 9
Event: 876.862 Thread 0x000000001f835800 Uncommon trap: reason=class_check action=maybe_recompile pc=0x0000000004d4c488 method=java.util.stream.Sink$ChainedReference.<init>(Ljava/util/stream/Sink;)V @ 9
Event: 876.867 Thread 0x000000001ebbb000 Uncommon trap: reason=bimorphic action=maybe_recompile pc=0x00000000043b9554 method=java.util.stream.StreamOpFlag.fromCharacteristics(Ljava/util/Spliterator;)I @ 14
Event: 876.874 Thread 0x000000001d722800 Uncommon trap: reason=bimorphic action=maybe_recompile pc=0x0000000004daa390 method=java.util.Comparators$NaturalOrderComparator.compare(Ljava/lang/Comparable;Ljava/lang/Comparable;)I @ 2
Event: 876.874 Thread 0x000000001f835800 Uncommon trap: reason=bimorphic action=maybe_recompile pc=0x0000000004daa390 method=java.util.Comparators$NaturalOrderComparator.compare(Ljava/lang/Comparable;Ljava/lang/Comparable;)I @ 2
Event: 876.874 Thread 0x000000001f834800 Uncommon trap: reason=bimorphic action=maybe_recompile pc=0x0000000004daa390 method=java.util.Comparators$NaturalOrderComparator.compare(Ljava/lang/Comparable;Ljava/lang/Comparable;)I @ 2
Event: 876.874 Thread 0x000000001f834800 Uncommon trap: reason=bimorphic action=maybe_recompile pc=0x0000000004daa390 method=java.util.Comparators$NaturalOrderComparator.compare(Ljava/lang/Comparable;Ljava/lang/Comparable;)I @ 2
Event: 876.874 Thread 0x000000001f835800 Uncommon trap: reason=bimorphic action=maybe_recompile pc=0x0000000004daa390 method=java.util.Comparators$NaturalOrderComparator.compare(Ljava/lang/Comparable;Ljava/lang/Comparable;)I @ 2
Event: 876.886 Thread 0x000000001ebbb000 Uncommon trap: reason=bimorphic action=maybe_recompile pc=0x00000000059c1840 method=java.util.Spliterators$IteratorSpliterator.tryAdvance(Ljava/util/function/Consumer;)Z @ 63

Classes redefined (0 events):
No events

Internal exceptions (10 events):
Event: 876.917 Thread 0x000000001d722800 Exception <a 'sun/nio/fs/WindowsException'> (0x00000000ebba16f8) thrown at [D:\src\AOSP-openjdk-cygwin\jdk8u\hotspot\src\share\vm\prims\jni.cpp, line 710]
Event: 876.920 Thread 0x000000001f835800 Exception <a 'sun/nio/fs/WindowsException'> (0x00000000eba15458) thrown at [D:\src\AOSP-openjdk-cygwin\jdk8u\hotspot\src\share\vm\prims\jni.cpp, line 710]
Event: 876.921 Thread 0x000000001d722800 Exception <a 'sun/nio/fs/WindowsException'> (0x00000000ebba7fd8) thrown at [D:\src\AOSP-openjdk-cygwin\jdk8u\hotspot\src\share\vm\prims\jni.cpp, line 710]
Event: 876.924 Thread 0x000000001f835800 Exception <a 'sun/nio/fs/WindowsException'> (0x00000000ebef7a00) thrown at [D:\src\AOSP-openjdk-cygwin\jdk8u\hotspot\src\share\vm\prims\jni.cpp, line 710]
Event: 876.942 Thread 0x000000001d722800 Exception <a 'sun/nio/fs/WindowsException'> (0x00000000ebbaf6a0) thrown at [D:\src\AOSP-openjdk-cygwin\jdk8u\hotspot\src\share\vm\prims\jni.cpp, line 710]
Event: 876.945 Thread 0x000000001d722800 Exception <a 'sun/nio/fs/WindowsException'> (0x00000000ec002050) thrown at [D:\src\AOSP-openjdk-cygwin\jdk8u\hotspot\src\share\vm\prims\jni.cpp, line 710]
Event: 876.949 Thread 0x000000001d722800 Exception <a 'sun/nio/fs/WindowsException'> (0x00000000ec009b30) thrown at [D:\src\AOSP-openjdk-cygwin\jdk8u\hotspot\src\share\vm\prims\jni.cpp, line 710]
Event: 876.954 Thread 0x000000001f834800 Exception <a 'sun/nio/fs/WindowsException'> (0x00000000ebc55930) thrown at [D:\src\AOSP-openjdk-cygwin\jdk8u\hotspot\src\share\vm\prims\jni.cpp, line 710]
Event: 876.958 Thread 0x000000001d722800 Exception <a 'sun/nio/fs/WindowsException'> (0x00000000ec010260) thrown at [D:\src\AOSP-openjdk-cygwin\jdk8u\hotspot\src\share\vm\prims\jni.cpp, line 710]
Event: 876.963 Thread 0x000000001d722800 Exception <a 'sun/nio/fs/WindowsException'> (0x00000000ec017948) thrown at [D:\src\AOSP-openjdk-cygwin\jdk8u\hotspot\src\share\vm\prims\jni.cpp, line 710]

Events (10 events):
Event: 876.955 loading class com/android/tools/r8/ir/regalloc/LinearScanRegisterAllocator done
Event: 876.965 loading class com/android/tools/r8/ir/regalloc/LiveIntervals
Event: 876.965 loading class com/android/tools/r8/ir/regalloc/LiveIntervals done
Event: 876.965 loading class com/android/tools/r8/ir/regalloc/LinearScanRegisterAllocator
Event: 876.965 loading class com/android/tools/r8/ir/regalloc/LinearScanRegisterAllocator done
Event: 876.966 loading class com/android/tools/r8/ir/regalloc/LiveIntervals
Event: 876.968 loading class com/android/tools/r8/ir/regalloc/LiveIntervals done
Event: 876.968 loading class com/android/tools/r8/ir/regalloc/LinearScanRegisterAllocator
Event: 876.968 loading class com/android/tools/r8/ir/regalloc/LinearScanRegisterAllocator done
Event: 876.983 Executing VM operation: RevokeBias


Dynamic libraries:
0x00007ff6116e0000 - 0x00007ff611711000 	C:\Program Files\Android\Android Studio\jre\bin\java.exe
0x00007ffd46cc0000 - 0x00007ffd46ead000 	C:\windows\SYSTEM32\ntdll.dll
0x00007ffd43fc0000 - 0x00007ffd44073000 	C:\windows\System32\KERNEL32.DLL
0x00007ffd435d0000 - 0x00007ffd43863000 	C:\windows\System32\KERNELBASE.dll
0x00007ffd46040000 - 0x00007ffd460e3000 	C:\windows\System32\ADVAPI32.dll
0x00007ffd444c0000 - 0x00007ffd4455e000 	C:\windows\System32\msvcrt.dll
0x00007ffd44220000 - 0x00007ffd442be000 	C:\windows\System32\sechost.dll
0x00007ffd46890000 - 0x00007ffd469b2000 	C:\windows\System32\RPCRT4.dll
0x00007ffd44320000 - 0x00007ffd444b7000 	C:\windows\System32\USER32.dll
0x00007ffd43c60000 - 0x00007ffd43c80000 	C:\windows\System32\win32u.dll
0x00007ffd43f90000 - 0x00007ffd43fb9000 	C:\windows\System32\GDI32.dll
0x00007ffd43a10000 - 0x00007ffd43ba9000 	C:\windows\System32\gdi32full.dll
0x00007ffd43970000 - 0x00007ffd43a10000 	C:\windows\System32\msvcp_win.dll
0x00007ffd434d0000 - 0x00007ffd435ca000 	C:\windows\System32\ucrtbase.dll
0x00007ffd39ec0000 - 0x00007ffd3a139000 	C:\windows\WinSxS\amd64_microsoft.windows.common-controls_6595b64144ccf1df_6.0.17763.973_none_05b245900721eb81\COMCTL32.dll
0x00007ffd45cf0000 - 0x00007ffd4601c000 	C:\windows\System32\combase.dll
0x00007ffd43c80000 - 0x00007ffd43cfe000 	C:\windows\System32\bcryptPrimitives.dll
0x00007ffd44080000 - 0x00007ffd440ae000 	C:\windows\System32\IMM32.DLL
0x0000000077630000 - 0x0000000077702000 	C:\Program Files\Android\Android Studio\jre\jre\bin\msvcr100.dll
0x0000000077710000 - 0x0000000077f56000 	C:\Program Files\Android\Android Studio\jre\jre\bin\server\jvm.dll
0x00007ffd46020000 - 0x00007ffd46028000 	C:\windows\System32\PSAPI.DLL
0x00007ffd2be80000 - 0x00007ffd2bea4000 	C:\windows\SYSTEM32\WINMM.dll
0x00007ffd3bba0000 - 0x00007ffd3bbaa000 	C:\windows\SYSTEM32\VERSION.dll
0x00007ffd1e290000 - 0x00007ffd1e299000 	C:\windows\SYSTEM32\WSOCK32.dll
0x00007ffd46b70000 - 0x00007ffd46bdd000 	C:\windows\System32\WS2_32.dll
0x00007ffd2c9a0000 - 0x00007ffd2c9cd000 	C:\windows\SYSTEM32\WINMMBASE.dll
0x00007ffd43870000 - 0x00007ffd438ba000 	C:\windows\System32\cfgmgr32.dll
0x00007ffd3ebf0000 - 0x00007ffd3ebff000 	C:\Program Files\Android\Android Studio\jre\jre\bin\verify.dll
0x00007ffd38b90000 - 0x00007ffd38bb9000 	C:\Program Files\Android\Android Studio\jre\jre\bin\java.dll
0x00007ffd38e70000 - 0x00007ffd38e86000 	C:\Program Files\Android\Android Studio\jre\jre\bin\zip.dll
0x00007ffd44560000 - 0x00007ffd45a54000 	C:\windows\System32\SHELL32.dll
0x00007ffd43ee0000 - 0x00007ffd43f88000 	C:\windows\System32\shcore.dll
0x00007ffd42d80000 - 0x00007ffd434cd000 	C:\windows\System32\windows.storage.dll
0x00007ffd42cf0000 - 0x00007ffd42d14000 	C:\windows\System32\profapi.dll
0x00007ffd42d20000 - 0x00007ffd42d7d000 	C:\windows\System32\powrprof.dll
0x00007ffd440b0000 - 0x00007ffd44102000 	C:\windows\System32\shlwapi.dll
0x00007ffd42cd0000 - 0x00007ffd42ce1000 	C:\windows\System32\kernel.appcore.dll
0x00007ffd438c0000 - 0x00007ffd438d7000 	C:\windows\System32\cryptsp.dll
0x00007ffd38a70000 - 0x00007ffd38a8a000 	C:\Program Files\Android\Android Studio\jre\jre\bin\net.dll
0x00007ffd42520000 - 0x00007ffd42587000 	C:\windows\system32\mswsock.dll
0x00007ffd383b0000 - 0x00007ffd383c1000 	C:\Program Files\Android\Android Studio\jre\jre\bin\nio.dll
0x00007ffd347f0000 - 0x00007ffd34816000 	C:\Users\lwyri\.gradle\native\29\windows-amd64\native-platform.dll
0x00007ffd3df90000 - 0x00007ffd3df9d000 	C:\Program Files\Android\Android Studio\jre\jre\bin\management.dll
0x00007ffd420a0000 - 0x00007ffd420d3000 	C:\windows\system32\rsaenh.dll
0x00007ffd43940000 - 0x00007ffd43966000 	C:\windows\System32\bcrypt.dll
0x00007ffd42bb0000 - 0x00007ffd42bd8000 	C:\windows\SYSTEM32\USERENV.dll
0x00007ffd426f0000 - 0x00007ffd426fc000 	C:\windows\SYSTEM32\CRYPTBASE.dll
0x00007ffd42240000 - 0x00007ffd4227d000 	C:\windows\SYSTEM32\IPHLPAPI.DLL
0x00007ffd46030000 - 0x00007ffd46038000 	C:\windows\System32\NSI.dll
0x00007ffd3bb00000 - 0x00007ffd3bb16000 	C:\windows\SYSTEM32\dhcpcsvc6.DLL
0x00007ffd3bb80000 - 0x00007ffd3bb9c000 	C:\windows\SYSTEM32\dhcpcsvc.DLL
0x00007ffd42280000 - 0x00007ffd42346000 	C:\windows\SYSTEM32\DNSAPI.dll

VM Arguments:
jvm_args: -Xmx1536m -Dfile.encoding=windows-1252 -Duser.country=US -Duser.language=en -Duser.variant 
java_command: org.gradle.launcher.daemon.bootstrap.GradleDaemon 5.4.1
java_class_path (initial): C:\Users\lwyri\.gradle\wrapper\dists\gradle-5.4.1-all\3221gyojl5jsh0helicew7rwx\gradle-5.4.1\lib\gradle-launcher-5.4.1.jar
Launcher Type: SUN_STANDARD

Environment Variables:
PATH=C:\Program Files (x86)\Google\Chrome\Application;C:\Program Files\WindowsApps\91750D7E.Slack_4.3.1.0_x64__8she8kybcnzg4\app;C:\Program Files\WindowsApps\91750D7E.Slack_4.3.1.0_x64__8she8kybcnzg4\app;C:\windows\system32;C:\windows;C:\windows\System32\Wbem;C:\windows\System32\WindowsPowerShell\v1.0\;C:\windows\System32\OpenSSH\;C:\Program Files (x86)\PharosSystems\Core;C:\Program Files\PuTTY\;C:\Program Files\Git\cmd;C:\Program Files\MATLAB\R2019a\bin;C:\Users\lwyri\AppData\Roaming\TinyTeX\bin\win32;C:\Users\lwyri\AppData\Local\Programs\Python\Python37-32\Scripts\;C:\Users\lwyri\AppData\Local\Programs\Python\Python37-32\;C:\Users\lwyri\AppData\Local\Microsoft\WindowsApps;C:\Users\lwyri\AppData\Local\Programs\MiKTeX 2.9\miktex\bin\x64\;C:\Users\lwyri\AppData\Local\atom\bin
USERNAME=lwyri
OS=Windows_NT
PROCESSOR_IDENTIFIER=Intel64 Family 6 Model 142 Stepping 10, GenuineIntel



---------------  S Y S T E M  ---------------

OS: Windows 10.0 , 64 bit Build 17763 (10.0.17763.475)

CPU:total 8 (initial active 8) (4 cores per cpu, 2 threads per core) family 6 model 142 stepping 10, cmov, cx8, fxsr, mmx, sse, sse2, sse3, ssse3, sse4.1, sse4.2, popcnt, avx, avx2, aes, clmul, erms, 3dnowpref, lzcnt, ht, tsc, tscinvbit, bmi1, bmi2, adx

Memory: 4k page, physical 8311804k(373256k free), swap 23663480k(396k free)

vm_info: OpenJDK 64-Bit Server VM (25.202-b03) for windows-amd64 JRE (1.8.0_202-release-1483-b03), built by "builder" with MS VC++ 10.0 (VS2010)

time: Fri Feb 14 22:26:27 2020
timezone: Eastern Standard Time
elapsed time: 877 seconds (0d 0h 14m 37s)

